<?xml version="1.0" encoding="UTF-8"?>
<!-- Generated by org.testng.reporters.JUnitXMLReporter -->
<testsuite ignored="0" hostname="DESKTOP-11UCV8M" failures="1" tests="8" name="Regression Test" time="25.157" errors="0" timestamp="2025-07-27T18:44:31 IST">
  <testcase classname="tests.LoginTest" name="testLoginWithValidCredentials" time="0.648"/>
  <testcase classname="tests.LoginTest" name="testLoginWithLockedCredentials" time="0.006">
    <skipped/>
  </testcase> <!-- testLoginWithLockedCredentials -->
  <testcase classname="tests.LoginTest" name="testLoginWithInvalidCredentials" time="1.055"/>
  <testcase classname="tests.LoginTest" name="testLoginWithBlankCredentials" time="0.953">
    <skipped/>
  </testcase> <!-- testLoginWithBlankCredentials -->
  <testcase classname="tests.LoginTest" name="testLoginWithBlankCredentials" time="0.512">
    <skipped/>
  </testcase> <!-- testLoginWithBlankCredentials -->
  <testcase classname="tests.LoginTest" name="testLoginWithBlankCredentials" time="0.545">
    <skipped/>
  </testcase> <!-- testLoginWithBlankCredentials -->
  <testcase classname="tests.LoginTest" name="testLoginWithBlankCredentials" time="0.54">
    <failure type="java.lang.AssertionError" message="Error message on the Login Page is incorrect. expected [Username Required] but found [Epic sadface: Username is required]">
      <![CDATA[java.lang.AssertionError: Error message on the Login Page is incorrect. expected [Username Required] but found [Epic sadface: Username is required]
at tests.LoginTest.testLoginWithBlankCredentials(LoginTest.java:40)
at java.base/java.util.ArrayList.forEach(ArrayList.java:1596)
... Removed 30 stack frames]]>
    </failure>
  </testcase> <!-- testLoginWithBlankCredentials -->
  <testcase classname="tests.LogoutTest" name="testLogout" time="1.446"/>
</testsuite> <!-- Regression Test -->
