<?xml version="1.0" encoding="UTF-8"?>
<!-- Generated by org.testng.reporters.JUnitXMLReporter -->
<testsuite ignored="0" hostname="DESKTOP-11UCV8M" failures="0" tests="7" name="Regression Test" time="20.729" errors="0" timestamp="2025-07-20T09:01:02 IST">
  <testcase classname="tests.LoginTest" name="testLoginWithValidCredentials" time="0.678"/>
  <testcase classname="tests.LoginTest" name="testLoginWithLockedCredentials" time="0.604"/>
  <testcase classname="tests.LoginTest" name="testLoginWithInvalidCredentials" time="0.549"/>
  <testcase classname="tests.LoginTest" name="testLoginWithInvalidCredentials" time="0.498"/>
  <testcase classname="tests.LoginTest" name="testLoginWithInvalidCredentials" time="0.557"/>
  <testcase classname="tests.LoginTest" name="testLoginWithInvalidCredentials" time="0.531"/>
  <testcase classname="tests.LogoutTest" name="testLogout" time="1.602"/>
</testsuite> <!-- Regression Test -->
