<?xml version="1.0" encoding="UTF-8"?>
<!-- Generated by org.testng.reporters.JUnitXMLReporter -->
<testsuite ignored="0" hostname="DESKTOP-11UCV8M" failures="1" tests="8" name="Regression Test" time="25.189" errors="0" timestamp="2025-07-27T17:16:45 IST">
  <testcase classname="tests.LoginTest" name="testLoginWithValidCredentials" time="0.683"/>
  <testcase classname="tests.LoginTest" name="testLoginWithLockedCredentials" time="0.013">
    <skipped/>
  </testcase> <!-- testLoginWithLockedCredentials -->
  <testcase classname="tests.LoginTest" name="testLoginWithBlankCredentials" time="0.585">
    <skipped/>
  </testcase> <!-- testLoginWithBlankCredentials -->
  <testcase classname="tests.LoginTest" name="testLoginWithBlankCredentials" time="0.507">
    <skipped/>
  </testcase> <!-- testLoginWithBlankCredentials -->
  <testcase classname="tests.LoginTest" name="testLoginWithBlankCredentials" time="0.6">
    <skipped/>
  </testcase> <!-- testLoginWithBlankCredentials -->
  <testcase classname="tests.LoginTest" name="testLoginWithBlankCredentials" time="0.541">
    <failure type="java.lang.AssertionError" message="Error message on the Login Page is incorrect. expected [Username Required] but found [Epic sadface: Username is required]">
      <![CDATA[java.lang.AssertionError: Error message on the Login Page is incorrect. expected [Username Required] but found [Epic sadface: Username is required]
at tests.LoginTest.testLoginWithBlankCredentials(LoginTest.java:40)
at java.base/java.util.ArrayList.forEach(ArrayList.java:1596)
... Removed 30 stack frames]]>
    </failure>
  </testcase> <!-- testLoginWithBlankCredentials -->
  <testcase classname="tests.LoginTest" name="testLoginWithInvalidCredentials" time="0.999"/>
  <testcase classname="tests.LogoutTest" name="testLogout" time="1.42"/>
</testsuite> <!-- Regression Test -->
