<?xml version="1.0" encoding="UTF-8"?>
<!-- Generated by org.testng.reporters.JUnitXMLReporter -->
<testsuite ignored="0" hostname="DESKTOP-11UCV8M" failures="1" tests="9" name="Regression Test" time="27.856" errors="0" timestamp="2025-07-27T17:36:28 IST">
  <testcase classname="tests.LoginTest" name="testLoginWithValidCredentials" time="0.625"/>
  <testcase classname="tests.LoginTest" name="testLoginWithLockedCredentials" time="0.005">
    <skipped/>
  </testcase> <!-- testLoginWithLockedCredentials -->
  <testcase classname="tests.LoginTest" name="testLoginWithInvalidCredentials" time="0.801"/>
  <testcase classname="tests.LoginTest" name="testLoginWithBlankCredentials" time="0.524">
    <skipped/>
  </testcase> <!-- testLoginWithBlankCredentials -->
  <testcase classname="tests.LoginTest" name="testLoginWithBlankCredentials" time="1.0">
    <skipped/>
  </testcase> <!-- testLoginWithBlankCredentials -->
  <testcase classname="tests.LoginTest" name="testLoginWithBlankCredentials" time="0.556">
    <skipped/>
  </testcase> <!-- testLoginWithBlankCredentials -->
  <testcase classname="tests.LoginTest" name="testLoginWithBlankCredentials" time="0.496">
    <failure type="java.lang.AssertionError" message="Error message on the Login Page is incorrect. expected [Username Required] but found [Epic sadface: Username is required]">
      <![CDATA[java.lang.AssertionError: Error message on the Login Page is incorrect. expected [Username Required] but found [Epic sadface: Username is required]
at tests.LoginTest.testLoginWithBlankCredentials(LoginTest.java:40)
at java.base/java.util.ArrayList.forEach(ArrayList.java:1596)
... Removed 30 stack frames]]>
    </failure>
  </testcase> <!-- testLoginWithBlankCredentials -->
  <testcase classname="tests.LoginTest" name="testLoginWithBlankxCredentials" time="0.511"/>
  <testcase classname="tests.LogoutTest" name="testLogout" time="2.218"/>
</testsuite> <!-- Regression Test -->
